<?xml version="1.0" encoding="UTF-8"?>
<!-- Generated by org.testng.reporters.JUnitReportReporter -->
<testsuite hostname="DESKTOP-FFQQAKU" failures="0" tests="1" name="test.DemoTest" time="2.329" errors="0" timestamp="2022-07-04T16:11:09 ICT" skipped="0">
  <testcase classname="test.DemoTest" name="demoTest" time="2.329"/>
  <system-out/>
</testsuite> <!-- test.DemoTest -->
